[debug] [2021-01-09T14:21:52.548Z] ----------------------------------------------------------------------
[debug] [2021-01-09T14:21:52.549Z] Command:       /usr/local/bin/node /usr/local/bin/firebase emulators:start --only functions
[debug] [2021-01-09T14:21:52.550Z] CLI Version:   9.1.0
[debug] [2021-01-09T14:21:52.550Z] Platform:      darwin
[debug] [2021-01-09T14:21:52.550Z] Node Version:  v14.15.1
[debug] [2021-01-09T14:21:52.551Z] Time:          Sat Jan 09 2021 15:21:52 GMT+0100 (Central European Standard Time)
[debug] [2021-01-09T14:21:52.551Z] ----------------------------------------------------------------------
[debug] [2021-01-09T14:21:52.551Z] 
[debug] [2021-01-09T14:21:52.552Z] >>> [apiv2][query] GET https://firebase-public.firebaseio.com/cli.json [none]
[debug] [2021-01-09T14:21:52.571Z] > command requires scopes: ["email","openid","https://www.googleapis.com/auth/cloudplatformprojects.readonly","https://www.googleapis.com/auth/firebase","https://www.googleapis.com/auth/cloud-platform"]
[debug] [2021-01-09T14:21:52.571Z] > authorizing via signed-in user
[info] i  emulators: Starting emulators: functions {"metadata":{"emulator":{"name":"hub"},"message":"Starting emulators: functions"}}
[debug] [2021-01-09T14:21:52.583Z] [hub] writing locator at /var/folders/vq/prl54hlj0t16wfm2923s79f40000gn/T/hub-eree-woodcraft.json
[warn] ⚠  functions: The following emulators are not running, calls to these services from the Functions emulator will affect production: auth, firestore, database, hosting, pubsub {"metadata":{"emulator":{"name":"functions"},"message":"The following emulators are not running, calls to these services from the Functions emulator will affect production: \u001b[1mauth, firestore, database, hosting, pubsub\u001b[22m"}}
[warn] ⚠  Your requested "node" version "12" doesn't match your global version "14" {"metadata":{"emulator":{"name":"functions"},"message":"Your requested \"node\" version \"12\" doesn't match your global version \"14\""}}
[debug] [2021-01-09T14:21:52.602Z] defaultcredentials: writing to file /Users/kevinajamlou/.config/firebase/kevin_ajamlou_gmail.com_application_default_credentials.json
[debug] [2021-01-09T14:21:52.605Z] Setting GAC to /Users/kevinajamlou/.config/firebase/kevin_ajamlou_gmail.com_application_default_credentials.json {"metadata":{"emulator":{"name":"functions"},"message":"Setting GAC to /Users/kevinajamlou/.config/firebase/kevin_ajamlou_gmail.com_application_default_credentials.json"}}
[debug] [2021-01-09T14:21:52.612Z] Ignoring unsupported arg: auto_download {"metadata":{"emulator":{"name":"ui"},"message":"Ignoring unsupported arg: auto_download"}}
[debug] [2021-01-09T14:21:52.612Z] Ignoring unsupported arg: port {"metadata":{"emulator":{"name":"ui"},"message":"Ignoring unsupported arg: port"}}
[debug] [2021-01-09T14:21:52.612Z] Starting Emulator UI with command {"binary":"node","args":["/Users/kevinajamlou/.cache/firebase/emulators/ui-v1.4.1/server.bundle.js"],"optionalArgs":[],"joinArgs":false} {"metadata":{"emulator":{"name":"ui"},"message":"Starting Emulator UI with command {\"binary\":\"node\",\"args\":[\"/Users/kevinajamlou/.cache/firebase/emulators/ui-v1.4.1/server.bundle.js\"],\"optionalArgs\":[],\"joinArgs\":false}"}}
[info] i  ui: Emulator UI logging to ui-debug.log {"metadata":{"emulator":{"name":"ui"},"message":"Emulator UI logging to \u001b[1mui-debug.log\u001b[22m"}}
[debug] [2021-01-09T14:21:52.689Z] Web / API server started at http://localhost:4000
 {"metadata":{"emulator":{"name":"ui"},"message":"Web / API server started at http://localhost:4000\n"}}
[info] i  functions: Watching "/Users/kevinajamlou/Documents/tradition-ecommcerce/functions" for Cloud Functions... {"metadata":{"emulator":{"name":"functions"},"message":"Watching \"/Users/kevinajamlou/Documents/tradition-ecommcerce/functions\" for Cloud Functions..."}}
[debug] [2021-01-09T14:21:52.881Z] [worker-pool] addWorker(~diagnostic~) {"metadata":{"emulator":{"name":"functions"},"message":"[worker-pool] addWorker(~diagnostic~)"}}
[debug] [2021-01-09T14:21:52.881Z] [worker-pool] Adding worker with key ~diagnostic~, total=1 {"metadata":{"emulator":{"name":"functions"},"message":"[worker-pool] Adding worker with key ~diagnostic~, total=1"}}
[debug] [2021-01-09T14:21:52.881Z] [worker-pool] submitWork(triggerId=) {"metadata":{"emulator":{"name":"functions"},"message":"[worker-pool] submitWork(triggerId=)"}}
[debug] [2021-01-09T14:21:52.881Z] [worker-~diagnostic~-c1eb0576-a400-45e7-bfd6-9fd166b74446]: Assigning socketPath: /var/folders/vq/prl54hlj0t16wfm2923s79f40000gn/T/fire_emu_78260.sock {"metadata":{"emulator":{"name":"functions"},"message":"[worker-~diagnostic~-c1eb0576-a400-45e7-bfd6-9fd166b74446]: Assigning socketPath: /var/folders/vq/prl54hlj0t16wfm2923s79f40000gn/T/fire_emu_78260.sock"}}
[debug] [2021-01-09T14:21:52.882Z] [worker-~diagnostic~-c1eb0576-a400-45e7-bfd6-9fd166b74446]: BUSY {"metadata":{"emulator":{"name":"functions"},"message":"[worker-~diagnostic~-c1eb0576-a400-45e7-bfd6-9fd166b74446]: BUSY"}}
[debug] [2021-01-09T14:21:52.996Z] [runtime-status] [78260] Functions runtime initialized. {"cwd":"/Users/kevinajamlou/Documents/tradition-ecommcerce/functions","node_version":"14.15.1"} {"metadata":{"emulator":{"name":"functions"},"message":"[runtime-status] [78260] Functions runtime initialized. {\"cwd\":\"/Users/kevinajamlou/Documents/tradition-ecommcerce/functions\",\"node_version\":\"14.15.1\"}"}}
[debug] [2021-01-09T14:21:52.997Z] [runtime-status] [78260] Disabled runtime features: undefined {"metadata":{"emulator":{"name":"functions"},"message":"[runtime-status] [78260] Disabled runtime features: undefined"}}
[debug] [2021-01-09T14:21:53.000Z] [runtime-status] [78260] Resolved module firebase-admin {"declared":true,"installed":true,"version":"9.4.2","resolution":"/Users/kevinajamlou/Documents/tradition-ecommcerce/functions/node_modules/firebase-admin/lib/index.js"} {"metadata":{"emulator":{"name":"functions"},"message":"[runtime-status] [78260] Resolved module firebase-admin {\"declared\":true,\"installed\":true,\"version\":\"9.4.2\",\"resolution\":\"/Users/kevinajamlou/Documents/tradition-ecommcerce/functions/node_modules/firebase-admin/lib/index.js\"}"}}
[debug] [2021-01-09T14:21:53.004Z] [runtime-status] [78260] Resolved module firebase-functions {"declared":true,"installed":true,"version":"3.11.0","resolution":"/Users/kevinajamlou/Documents/tradition-ecommcerce/functions/node_modules/firebase-functions/lib/index.js"} {"metadata":{"emulator":{"name":"functions"},"message":"[runtime-status] [78260] Resolved module firebase-functions {\"declared\":true,\"installed\":true,\"version\":\"3.11.0\",\"resolution\":\"/Users/kevinajamlou/Documents/tradition-ecommcerce/functions/node_modules/firebase-functions/lib/index.js\"}"}}
[debug] [2021-01-09T14:21:53.005Z] [runtime-status] [78260] Resolved module firebase-functions {"declared":true,"installed":true,"version":"3.11.0","resolution":"/Users/kevinajamlou/Documents/tradition-ecommcerce/functions/node_modules/firebase-functions/lib/index.js"} {"metadata":{"emulator":{"name":"functions"},"message":"[runtime-status] [78260] Resolved module firebase-functions {\"declared\":true,\"installed\":true,\"version\":\"3.11.0\",\"resolution\":\"/Users/kevinajamlou/Documents/tradition-ecommcerce/functions/node_modules/firebase-functions/lib/index.js\"}"}}
[debug] [2021-01-09T14:21:53.006Z] [runtime-status] [78260] Outgoing network have been stubbed. [{"name":"http","status":"mocked"},{"name":"http","status":"mocked"},{"name":"https","status":"mocked"},{"name":"https","status":"mocked"},{"name":"net","status":"mocked"}] {"metadata":{"emulator":{"name":"functions"},"message":"[runtime-status] [78260] Outgoing network have been stubbed. [{\"name\":\"http\",\"status\":\"mocked\"},{\"name\":\"http\",\"status\":\"mocked\"},{\"name\":\"https\",\"status\":\"mocked\"},{\"name\":\"https\",\"status\":\"mocked\"},{\"name\":\"net\",\"status\":\"mocked\"}]"}}
[debug] [2021-01-09T14:21:53.006Z] [runtime-status] [78260] Resolved module firebase-functions {"declared":true,"installed":true,"version":"3.11.0","resolution":"/Users/kevinajamlou/Documents/tradition-ecommcerce/functions/node_modules/firebase-functions/lib/index.js"} {"metadata":{"emulator":{"name":"functions"},"message":"[runtime-status] [78260] Resolved module firebase-functions {\"declared\":true,\"installed\":true,\"version\":\"3.11.0\",\"resolution\":\"/Users/kevinajamlou/Documents/tradition-ecommcerce/functions/node_modules/firebase-functions/lib/index.js\"}"}}
[debug] [2021-01-09T14:21:53.033Z] <<< [apiv2][status] GET https://firebase-public.firebaseio.com/cli.json 200
[debug] [2021-01-09T14:21:53.033Z] <<< [apiv2][body] GET https://firebase-public.firebaseio.com/cli.json {"cloudBuildErrorAfter":1594252800000,"cloudBuildWarnAfter":1590019200000,"defaultNode10After":1594252800000,"minVersion":"3.0.5","node8DeploysDisabledAfter":1613390400000,"node8RuntimeDisabledAfter":1615809600000,"node8WarnAfter":1600128000000}
[debug] [2021-01-09T14:21:53.217Z] [runtime-status] [78260] Checked functions.config() {"config":{}} {"metadata":{"emulator":{"name":"functions"},"message":"[runtime-status] [78260] Checked functions.config() {\"config\":{}}"}}
[debug] [2021-01-09T14:21:53.217Z] [runtime-status] [78260] firebase-functions has been stubbed. {"functionsResolution":{"declared":true,"installed":true,"version":"3.11.0","resolution":"/Users/kevinajamlou/Documents/tradition-ecommcerce/functions/node_modules/firebase-functions/lib/index.js"}} {"metadata":{"emulator":{"name":"functions"},"message":"[runtime-status] [78260] firebase-functions has been stubbed. {\"functionsResolution\":{\"declared\":true,\"installed\":true,\"version\":\"3.11.0\",\"resolution\":\"/Users/kevinajamlou/Documents/tradition-ecommcerce/functions/node_modules/firebase-functions/lib/index.js\"}}"}}
[debug] [2021-01-09T14:21:53.217Z] [runtime-status] [78260] Resolved module firebase-functions {"declared":true,"installed":true,"version":"3.11.0","resolution":"/Users/kevinajamlou/Documents/tradition-ecommcerce/functions/node_modules/firebase-functions/lib/index.js"} {"metadata":{"emulator":{"name":"functions"},"message":"[runtime-status] [78260] Resolved module firebase-functions {\"declared\":true,\"installed\":true,\"version\":\"3.11.0\",\"resolution\":\"/Users/kevinajamlou/Documents/tradition-ecommcerce/functions/node_modules/firebase-functions/lib/index.js\"}"}}
[debug] [2021-01-09T14:21:53.217Z] [runtime-status] [78260] Resolved module firebase-admin {"declared":true,"installed":true,"version":"9.4.2","resolution":"/Users/kevinajamlou/Documents/tradition-ecommcerce/functions/node_modules/firebase-admin/lib/index.js"} {"metadata":{"emulator":{"name":"functions"},"message":"[runtime-status] [78260] Resolved module firebase-admin {\"declared\":true,\"installed\":true,\"version\":\"9.4.2\",\"resolution\":\"/Users/kevinajamlou/Documents/tradition-ecommcerce/functions/node_modules/firebase-admin/lib/index.js\"}"}}
[debug] [2021-01-09T14:21:53.217Z] [runtime-status] [78260] Resolved module firebase-functions {"declared":true,"installed":true,"version":"3.11.0","resolution":"/Users/kevinajamlou/Documents/tradition-ecommcerce/functions/node_modules/firebase-functions/lib/index.js"} {"metadata":{"emulator":{"name":"functions"},"message":"[runtime-status] [78260] Resolved module firebase-functions {\"declared\":true,\"installed\":true,\"version\":\"3.11.0\",\"resolution\":\"/Users/kevinajamlou/Documents/tradition-ecommcerce/functions/node_modules/firebase-functions/lib/index.js\"}"}}
[debug] [2021-01-09T14:21:53.217Z] [runtime-status] [78260] firebase-admin has been stubbed. {"adminResolution":{"declared":true,"installed":true,"version":"9.4.2","resolution":"/Users/kevinajamlou/Documents/tradition-ecommcerce/functions/node_modules/firebase-admin/lib/index.js"}} {"metadata":{"emulator":{"name":"functions"},"message":"[runtime-status] [78260] firebase-admin has been stubbed. {\"adminResolution\":{\"declared\":true,\"installed\":true,\"version\":\"9.4.2\",\"resolution\":\"/Users/kevinajamlou/Documents/tradition-ecommcerce/functions/node_modules/firebase-admin/lib/index.js\"}}"}}
[info] ✔  functions[api]: http function initialized (http://localhost:5001/eree-woodcraft/us-central1/api). {"metadata":{"emulator":{"name":"functions"},"message":"\u001b[1mhttp\u001b[22m function initialized (http://localhost:5001/eree-woodcraft/us-central1/api)."}}
[info] 
┌─────────────────────────────────────────────────────────────┐
│ ✔  All emulators ready! It is now safe to connect your app. │
│ i  View Emulator UI at http://localhost:4000                │
└─────────────────────────────────────────────────────────────┘

┌───────────┬────────────────┬─────────────────────────────────┐
│ Emulator  │ Host:Port      │ View in Emulator UI             │
├───────────┼────────────────┼─────────────────────────────────┤
│ Functions │ localhost:5001 │ http://localhost:4000/functions │
└───────────┴────────────────┴─────────────────────────────────┘
  Emulator Hub running at localhost:4400
  Other reserved ports: 4500

Issues? Report them at https://github.com/firebase/firebase-tools/issues and attach the *-debug.log files.
 
[debug] [2021-01-09T14:21:55.726Z] [worker-~diagnostic~-c1eb0576-a400-45e7-bfd6-9fd166b74446]: IDLE {"metadata":{"emulator":{"name":"functions"},"message":"[worker-~diagnostic~-c1eb0576-a400-45e7-bfd6-9fd166b74446]: IDLE"}}
