[debug] [2021-03-06T14:08:04.754Z] ----------------------------------------------------------------------
[debug] [2021-03-06T14:08:04.755Z] Command:       /usr/local/bin/node /usr/local/bin/firebase deploy
[debug] [2021-03-06T14:08:04.755Z] CLI Version:   9.2.2
[debug] [2021-03-06T14:08:04.755Z] Platform:      darwin
[debug] [2021-03-06T14:08:04.755Z] Node Version:  v14.15.1
[debug] [2021-03-06T14:08:04.756Z] Time:          Sat Mar 06 2021 15:08:04 GMT+0100 (Central European Standard Time)
[debug] [2021-03-06T14:08:04.756Z] ----------------------------------------------------------------------
[debug] [2021-03-06T14:08:04.757Z] 
[debug] [2021-03-06T14:08:04.758Z] >>> [apiv2][query] GET https://firebase-public.firebaseio.com/cli.json [none]
[debug] [2021-03-06T14:08:04.777Z] > command requires scopes: ["email","openid","https://www.googleapis.com/auth/cloudplatformprojects.readonly","https://www.googleapis.com/auth/firebase","https://www.googleapis.com/auth/cloud-platform"]
[debug] [2021-03-06T14:08:04.777Z] > authorizing via signed-in user
[debug] [2021-03-06T14:08:04.778Z] [iam] checking project eree-woodcraft for permissions ["cloudfunctions.functions.create","cloudfunctions.functions.delete","cloudfunctions.functions.get","cloudfunctions.functions.list","cloudfunctions.functions.update","cloudfunctions.operations.get","firebase.projects.get","firebasehosting.sites.update"]
[debug] [2021-03-06T14:08:04.779Z] > refreshing access token with scopes: ["email","https://www.googleapis.com/auth/cloud-platform","https://www.googleapis.com/auth/cloudplatformprojects.readonly","https://www.googleapis.com/auth/firebase","openid"]
[debug] [2021-03-06T14:08:04.779Z] >>> HTTP REQUEST POST https://www.googleapis.com/oauth2/v3/token  
 <request body omitted>
[debug] [2021-03-06T14:08:04.976Z] <<< HTTP RESPONSE 200 {"cache-control":"no-cache, no-store, max-age=0, must-revalidate","date":"Sat, 06 Mar 2021 14:08:05 GMT","pragma":"no-cache","expires":"Mon, 01 Jan 1990 00:00:00 GMT","content-type":"application/json; charset=utf-8","vary":"X-Origin, Referer, Origin,Accept-Encoding","server":"scaffolding on HTTPServer2","x-xss-protection":"0","x-frame-options":"SAMEORIGIN","x-content-type-options":"nosniff","alt-svc":"h3-29=\":443\"; ma=2592000,h3-T051=\":443\"; ma=2592000,h3-Q050=\":443\"; ma=2592000,h3-Q046=\":443\"; ma=2592000,h3-Q043=\":443\"; ma=2592000,quic=\":443\"; ma=2592000; v=\"46,43\"","accept-ranges":"none","transfer-encoding":"chunked"}
[debug] [2021-03-06T14:08:05.004Z] >>> HTTP REQUEST POST https://cloudresourcemanager.googleapis.com/v1/projects/eree-woodcraft:testIamPermissions  
 {"permissions":["cloudfunctions.functions.create","cloudfunctions.functions.delete","cloudfunctions.functions.get","cloudfunctions.functions.list","cloudfunctions.functions.update","cloudfunctions.operations.get","firebase.projects.get","firebasehosting.sites.update"]}
[debug] [2021-03-06T14:08:05.355Z] <<< [apiv2][status] GET https://firebase-public.firebaseio.com/cli.json 200
[debug] [2021-03-06T14:08:05.355Z] <<< [apiv2][body] GET https://firebase-public.firebaseio.com/cli.json {"cloudBuildErrorAfter":1594252800000,"cloudBuildWarnAfter":1590019200000,"defaultNode10After":1594252800000,"minVersion":"3.0.5","node8DeploysDisabledAfter":1613390400000,"node8RuntimeDisabledAfter":1615809600000,"node8WarnAfter":1600128000000}
[debug] [2021-03-06T14:08:05.943Z] <<< HTTP RESPONSE 200 {"content-type":"application/json; charset=UTF-8","vary":"X-Origin, Referer, Origin,Accept-Encoding","date":"Sat, 06 Mar 2021 14:08:05 GMT","server":"ESF","cache-control":"private","x-xss-protection":"0","x-frame-options":"SAMEORIGIN","x-content-type-options":"nosniff","server-timing":"gfet4t7; dur=725","alt-svc":"h3-29=\":443\"; ma=2592000,h3-T051=\":443\"; ma=2592000,h3-Q050=\":443\"; ma=2592000,h3-Q046=\":443\"; ma=2592000,h3-Q043=\":443\"; ma=2592000,quic=\":443\"; ma=2592000; v=\"46,43\"","accept-ranges":"none","transfer-encoding":"chunked"}
[debug] [2021-03-06T14:08:05.944Z] >>> HTTP REQUEST POST https://iam.googleapis.com/v1/projects/eree-woodcraft/serviceAccounts/eree-woodcraft@appspot.gserviceaccount.com:testIamPermissions  
 {"permissions":["iam.serviceAccounts.actAs"]}
[debug] [2021-03-06T14:08:06.963Z] <<< HTTP RESPONSE 200 {"content-type":"application/json; charset=UTF-8","vary":"X-Origin, Referer, Origin,Accept-Encoding","date":"Sat, 06 Mar 2021 14:08:06 GMT","server":"ESF","cache-control":"private","x-xss-protection":"0","x-frame-options":"SAMEORIGIN","x-content-type-options":"nosniff","alt-svc":"h3-29=\":443\"; ma=2592000,h3-T051=\":443\"; ma=2592000,h3-Q050=\":443\"; ma=2592000,h3-Q046=\":443\"; ma=2592000,h3-Q043=\":443\"; ma=2592000,quic=\":443\"; ma=2592000; v=\"46,43\"","accept-ranges":"none","transfer-encoding":"chunked"}
[debug] [2021-03-06T14:08:06.964Z] > refreshing access token with scopes: []
[debug] [2021-03-06T14:08:06.964Z] >>> HTTP REQUEST POST https://www.googleapis.com/oauth2/v3/token  
 <request body omitted>
[debug] [2021-03-06T14:08:07.111Z] <<< HTTP RESPONSE 200 {"expires":"Mon, 01 Jan 1990 00:00:00 GMT","date":"Sat, 06 Mar 2021 14:08:07 GMT","cache-control":"no-cache, no-store, max-age=0, must-revalidate","pragma":"no-cache","content-type":"application/json; charset=utf-8","vary":"X-Origin, Referer, Origin,Accept-Encoding","server":"scaffolding on HTTPServer2","x-xss-protection":"0","x-frame-options":"SAMEORIGIN","x-content-type-options":"nosniff","alt-svc":"h3-29=\":443\"; ma=2592000,h3-T051=\":443\"; ma=2592000,h3-Q050=\":443\"; ma=2592000,h3-Q046=\":443\"; ma=2592000,h3-Q043=\":443\"; ma=2592000,quic=\":443\"; ma=2592000; v=\"46,43\"","accept-ranges":"none","transfer-encoding":"chunked"}
[debug] [2021-03-06T14:08:07.141Z] >>> [apiv2][query] GET https://firebase.googleapis.com/v1beta1/projects/eree-woodcraft [none]
[debug] [2021-03-06T14:08:07.506Z] <<< [apiv2][status] GET https://firebase.googleapis.com/v1beta1/projects/eree-woodcraft 200
[debug] [2021-03-06T14:08:07.506Z] <<< [apiv2][body] GET https://firebase.googleapis.com/v1beta1/projects/eree-woodcraft {"projectId":"eree-woodcraft","projectNumber":"866785071038","displayName":"Tradition","name":"projects/eree-woodcraft","resources":{"hostingSite":"eree-woodcraft","storageBucket":"eree-woodcraft.appspot.com","locationId":"europe-west"},"state":"ACTIVE"}
[warn] ⚠  functions: package.json indicates an outdated version of firebase-functions.
Please upgrade using npm install --save firebase-functions@latest in your functions directory. 
[info] 
[info] === Deploying to 'eree-woodcraft'...
[info] 
[info] i  deploying functions, hosting 
[info] Running command: npm --prefix "$RESOURCE_DIR" run lint
[info] ✔  functions: Finished running predeploy script. 
[debug] [2021-03-06T14:08:10.854Z] > [functions] package.json contents: {
  "name": "functions",
  "description": "Cloud Functions for Firebase",
  "scripts": {
    "lint": "eslint .",
    "serve": "firebase emulators:start --only functions",
    "shell": "firebase functions:shell",
    "start": "npm run shell",
    "deploy": "firebase deploy --only functions",
    "logs": "firebase functions:log"
  },
  "engines": {
    "node": "12"
  },
  "main": "index.js",
  "dependencies": {
    "cors": "^2.8.5",
    "express": "^4.17.1",
    "firebase-admin": "^9.2.0",
    "firebase-functions": "^3.11.0",
    "nodemailer": "^6.4.18",
    "stripe": "^8.129.0"
  },
  "devDependencies": {
    "eslint": "^5.12.0",
    "eslint-plugin-promise": "^4.0.1",
    "firebase-functions-test": "^0.2.0"
  },
  "private": true
}
[info] i  functions: ensuring required API cloudfunctions.googleapis.com is enabled... 
[debug] [2021-03-06T14:08:11.779Z] > refreshing access token with scopes: ["email","https://www.googleapis.com/auth/cloud-platform","https://www.googleapis.com/auth/cloudplatformprojects.readonly","https://www.googleapis.com/auth/firebase","openid"]
[debug] [2021-03-06T14:08:11.779Z] >>> HTTP REQUEST POST https://www.googleapis.com/oauth2/v3/token  
 <request body omitted>
[debug] [2021-03-06T14:08:11.779Z] > refreshing access token with scopes: ["email","https://www.googleapis.com/auth/cloud-platform","https://www.googleapis.com/auth/cloudplatformprojects.readonly","https://www.googleapis.com/auth/firebase","openid"]
[debug] [2021-03-06T14:08:11.780Z] >>> HTTP REQUEST POST https://www.googleapis.com/oauth2/v3/token  
 <request body omitted>
[info] i  functions: ensuring required API cloudbuild.googleapis.com is enabled... 
[debug] [2021-03-06T14:08:11.780Z] > refreshing access token with scopes: ["email","https://www.googleapis.com/auth/cloud-platform","https://www.googleapis.com/auth/cloudplatformprojects.readonly","https://www.googleapis.com/auth/firebase","openid"]
[debug] [2021-03-06T14:08:11.780Z] >>> HTTP REQUEST POST https://www.googleapis.com/oauth2/v3/token  
 <request body omitted>
[debug] [2021-03-06T14:08:11.925Z] <<< HTTP RESPONSE 200 {"expires":"Mon, 01 Jan 1990 00:00:00 GMT","cache-control":"no-cache, no-store, max-age=0, must-revalidate","date":"Sat, 06 Mar 2021 14:08:12 GMT","pragma":"no-cache","content-type":"application/json; charset=utf-8","vary":"X-Origin, Referer, Origin,Accept-Encoding","server":"scaffolding on HTTPServer2","x-xss-protection":"0","x-frame-options":"SAMEORIGIN","x-content-type-options":"nosniff","alt-svc":"h3-29=\":443\"; ma=2592000,h3-T051=\":443\"; ma=2592000,h3-Q050=\":443\"; ma=2592000,h3-Q046=\":443\"; ma=2592000,h3-Q043=\":443\"; ma=2592000,quic=\":443\"; ma=2592000; v=\"46,43\"","accept-ranges":"none","transfer-encoding":"chunked"}
[debug] [2021-03-06T14:08:11.952Z] >>> HTTP REQUEST GET https://serviceusage.googleapis.com/v1/projects/eree-woodcraft/services/runtimeconfig.googleapis.com  
 
[debug] [2021-03-06T14:08:11.954Z] <<< HTTP RESPONSE 200 {"date":"Sat, 06 Mar 2021 14:08:12 GMT","pragma":"no-cache","cache-control":"no-cache, no-store, max-age=0, must-revalidate","expires":"Mon, 01 Jan 1990 00:00:00 GMT","content-type":"application/json; charset=utf-8","vary":"X-Origin, Referer, Origin,Accept-Encoding","server":"scaffolding on HTTPServer2","x-xss-protection":"0","x-frame-options":"SAMEORIGIN","x-content-type-options":"nosniff","alt-svc":"h3-29=\":443\"; ma=2592000,h3-T051=\":443\"; ma=2592000,h3-Q050=\":443\"; ma=2592000,h3-Q046=\":443\"; ma=2592000,h3-Q043=\":443\"; ma=2592000,quic=\":443\"; ma=2592000; v=\"46,43\"","accept-ranges":"none","transfer-encoding":"chunked"}
[debug] [2021-03-06T14:08:11.981Z] >>> HTTP REQUEST GET https://serviceusage.googleapis.com/v1/projects/eree-woodcraft/services/cloudfunctions.googleapis.com  
 
[debug] [2021-03-06T14:08:11.982Z] <<< HTTP RESPONSE 200 {"pragma":"no-cache","cache-control":"no-cache, no-store, max-age=0, must-revalidate","date":"Sat, 06 Mar 2021 14:08:12 GMT","expires":"Mon, 01 Jan 1990 00:00:00 GMT","content-type":"application/json; charset=utf-8","vary":"X-Origin, Referer, Origin,Accept-Encoding","server":"scaffolding on HTTPServer2","x-xss-protection":"0","x-frame-options":"SAMEORIGIN","x-content-type-options":"nosniff","alt-svc":"h3-29=\":443\"; ma=2592000,h3-T051=\":443\"; ma=2592000,h3-Q050=\":443\"; ma=2592000,h3-Q046=\":443\"; ma=2592000,h3-Q043=\":443\"; ma=2592000,quic=\":443\"; ma=2592000; v=\"46,43\"","accept-ranges":"none","transfer-encoding":"chunked"}
[debug] [2021-03-06T14:08:12.008Z] >>> HTTP REQUEST GET https://serviceusage.googleapis.com/v1/projects/eree-woodcraft/services/cloudbuild.googleapis.com  
 
[debug] [2021-03-06T14:08:13.156Z] <<< HTTP RESPONSE 200 {"content-type":"application/json; charset=UTF-8","vary":"X-Origin, Referer, Origin,Accept-Encoding","date":"Sat, 06 Mar 2021 14:08:13 GMT","server":"ESF","cache-control":"private","x-xss-protection":"0","x-frame-options":"SAMEORIGIN","x-content-type-options":"nosniff","alt-svc":"h3-29=\":443\"; ma=2592000,h3-T051=\":443\"; ma=2592000,h3-Q050=\":443\"; ma=2592000,h3-Q046=\":443\"; ma=2592000,h3-Q043=\":443\"; ma=2592000,quic=\":443\"; ma=2592000; v=\"46,43\"","accept-ranges":"none","transfer-encoding":"chunked"}
[info] ✔  functions: required API cloudbuild.googleapis.com is enabled 
[debug] [2021-03-06T14:08:13.188Z] <<< HTTP RESPONSE 200 {"content-type":"application/json; charset=UTF-8","vary":"X-Origin, Referer, Origin,Accept-Encoding","date":"Sat, 06 Mar 2021 14:08:13 GMT","server":"ESF","cache-control":"private","x-xss-protection":"0","x-frame-options":"SAMEORIGIN","x-content-type-options":"nosniff","alt-svc":"h3-29=\":443\"; ma=2592000,h3-T051=\":443\"; ma=2592000,h3-Q050=\":443\"; ma=2592000,h3-Q046=\":443\"; ma=2592000,h3-Q043=\":443\"; ma=2592000,quic=\":443\"; ma=2592000; v=\"46,43\"","accept-ranges":"none","transfer-encoding":"chunked"}
[info] ✔  functions: required API cloudfunctions.googleapis.com is enabled 
[debug] [2021-03-06T14:08:13.211Z] <<< HTTP RESPONSE 200 {"content-type":"application/json; charset=UTF-8","vary":"X-Origin, Referer, Origin,Accept-Encoding","date":"Sat, 06 Mar 2021 14:08:13 GMT","server":"ESF","cache-control":"private","x-xss-protection":"0","x-frame-options":"SAMEORIGIN","x-content-type-options":"nosniff","alt-svc":"h3-29=\":443\"; ma=2592000,h3-T051=\":443\"; ma=2592000,h3-Q050=\":443\"; ma=2592000,h3-Q046=\":443\"; ma=2592000,h3-Q043=\":443\"; ma=2592000,quic=\":443\"; ma=2592000; v=\"46,43\"","accept-ranges":"none","transfer-encoding":"chunked"}
[debug] [2021-03-06T14:08:13.212Z] >>> HTTP REQUEST GET https://firebase.googleapis.com/v1beta1/projects/eree-woodcraft/adminSdkConfig  
 
[debug] [2021-03-06T14:08:13.721Z] <<< HTTP RESPONSE 200 {"content-type":"application/json; charset=UTF-8","vary":"X-Origin, Referer, Origin,Accept-Encoding","date":"Sat, 06 Mar 2021 14:08:13 GMT","server":"ESF","cache-control":"private","x-xss-protection":"0","x-frame-options":"SAMEORIGIN","x-content-type-options":"nosniff","alt-svc":"h3-29=\":443\"; ma=2592000,h3-T051=\":443\"; ma=2592000,h3-Q050=\":443\"; ma=2592000,h3-Q046=\":443\"; ma=2592000,h3-Q043=\":443\"; ma=2592000,quic=\":443\"; ma=2592000; v=\"46,43\"","accept-ranges":"none","transfer-encoding":"chunked"}
[debug] [2021-03-06T14:08:13.724Z] >>> HTTP REQUEST POST https://firebasehosting.googleapis.com/v1beta1/sites/eree-woodcraft/versions  
 {"config":{"rewrites":[{"glob":"**","path":"/index.html"}]},"labels":{"deployment-tool":"cli-firebase"}}
[debug] [2021-03-06T14:08:15.165Z] <<< HTTP RESPONSE 200 {"content-type":"application/json; charset=UTF-8","vary":"X-Origin, Referer, Origin,Accept-Encoding","date":"Sat, 06 Mar 2021 14:08:15 GMT","server":"ESF","cache-control":"private","x-xss-protection":"0","x-frame-options":"SAMEORIGIN","x-content-type-options":"nosniff","alt-svc":"h3-29=\":443\"; ma=2592000,h3-T051=\":443\"; ma=2592000,h3-Q050=\":443\"; ma=2592000,h3-Q046=\":443\"; ma=2592000,h3-Q043=\":443\"; ma=2592000,quic=\":443\"; ma=2592000; v=\"46,43\"","accept-ranges":"none","transfer-encoding":"chunked"}
[info] i  functions: preparing functions directory for uploading... 
[debug] [2021-03-06T14:08:15.166Z] >>> HTTP REQUEST GET https://runtimeconfig.googleapis.com/v1beta1/projects/eree-woodcraft/configs  
 
[debug] [2021-03-06T14:08:16.389Z] <<< HTTP RESPONSE 200 {"content-type":"application/json; charset=UTF-8","vary":"X-Origin, Referer, Origin,Accept-Encoding","date":"Sat, 06 Mar 2021 14:08:16 GMT","server":"ESF","cache-control":"private","x-xss-protection":"0","x-frame-options":"SAMEORIGIN","x-content-type-options":"nosniff","alt-svc":"h3-29=\":443\"; ma=2592000,h3-T051=\":443\"; ma=2592000,h3-Q050=\":443\"; ma=2592000,h3-Q046=\":443\"; ma=2592000,h3-Q043=\":443\"; ma=2592000,quic=\":443\"; ma=2592000; v=\"46,43\"","accept-ranges":"none","transfer-encoding":"chunked"}
[debug] [2021-03-06T14:08:16.390Z] >>> HTTP REQUEST GET https://runtimeconfig.googleapis.com/v1beta1/projects/eree-woodcraft/configs/gmail/variables  
 
[debug] [2021-03-06T14:08:17.514Z] <<< HTTP RESPONSE 200 {"content-type":"application/json; charset=UTF-8","vary":"X-Origin, Referer, Origin,Accept-Encoding","date":"Sat, 06 Mar 2021 14:08:17 GMT","server":"ESF","cache-control":"private","x-xss-protection":"0","x-frame-options":"SAMEORIGIN","x-content-type-options":"nosniff","alt-svc":"h3-29=\":443\"; ma=2592000,h3-T051=\":443\"; ma=2592000,h3-Q050=\":443\"; ma=2592000,h3-Q046=\":443\"; ma=2592000,h3-Q043=\":443\"; ma=2592000,quic=\":443\"; ma=2592000; v=\"46,43\"","accept-ranges":"none","transfer-encoding":"chunked"}
[debug] [2021-03-06T14:08:17.515Z] >>> HTTP REQUEST GET https://runtimeconfig.googleapis.com/v1beta1/projects/eree-woodcraft/configs/gmail/variables/recipient  
 
[debug] [2021-03-06T14:08:17.515Z] >>> HTTP REQUEST GET https://runtimeconfig.googleapis.com/v1beta1/projects/eree-woodcraft/configs/gmail/variables/sender  
 
[debug] [2021-03-06T14:08:17.515Z] >>> HTTP REQUEST GET https://runtimeconfig.googleapis.com/v1beta1/projects/eree-woodcraft/configs/gmail/variables/password  
 
[debug] [2021-03-06T14:08:18.456Z] <<< HTTP RESPONSE 200 {"content-type":"application/json; charset=UTF-8","vary":"X-Origin, Referer, Origin,Accept-Encoding","date":"Sat, 06 Mar 2021 14:08:18 GMT","server":"ESF","cache-control":"private","x-xss-protection":"0","x-frame-options":"SAMEORIGIN","x-content-type-options":"nosniff","alt-svc":"h3-29=\":443\"; ma=2592000,h3-T051=\":443\"; ma=2592000,h3-Q050=\":443\"; ma=2592000,h3-Q046=\":443\"; ma=2592000,h3-Q043=\":443\"; ma=2592000,quic=\":443\"; ma=2592000; v=\"46,43\"","accept-ranges":"none","transfer-encoding":"chunked"}
[debug] [2021-03-06T14:08:18.510Z] <<< HTTP RESPONSE 200 {"content-type":"application/json; charset=UTF-8","vary":"X-Origin, Referer, Origin,Accept-Encoding","date":"Sat, 06 Mar 2021 14:08:18 GMT","server":"ESF","cache-control":"private","x-xss-protection":"0","x-frame-options":"SAMEORIGIN","x-content-type-options":"nosniff","alt-svc":"h3-29=\":443\"; ma=2592000,h3-T051=\":443\"; ma=2592000,h3-Q050=\":443\"; ma=2592000,h3-Q046=\":443\"; ma=2592000,h3-Q043=\":443\"; ma=2592000,quic=\":443\"; ma=2592000; v=\"46,43\"","accept-ranges":"none","transfer-encoding":"chunked"}
[debug] [2021-03-06T14:08:18.722Z] <<< HTTP RESPONSE 200 {"content-type":"application/json; charset=UTF-8","vary":"X-Origin, Referer, Origin,Accept-Encoding","date":"Sat, 06 Mar 2021 14:08:18 GMT","server":"ESF","cache-control":"private","x-xss-protection":"0","x-frame-options":"SAMEORIGIN","x-content-type-options":"nosniff","alt-svc":"h3-29=\":443\"; ma=2592000,h3-T051=\":443\"; ma=2592000,h3-Q050=\":443\"; ma=2592000,h3-Q046=\":443\"; ma=2592000,h3-Q043=\":443\"; ma=2592000,quic=\":443\"; ma=2592000; v=\"46,43\"","accept-ranges":"none","transfer-encoding":"chunked"}
[info] i  functions: packaged functions (37.81 KB) for uploading 
[debug] [2021-03-06T14:08:19.046Z] >>> HTTP REQUEST GET https://cloudfunctions.googleapis.com/v1/projects/eree-woodcraft/locations/-/functions  
 
[debug] [2021-03-06T14:08:19.846Z] <<< HTTP RESPONSE 200 {"content-type":"application/json; charset=UTF-8","vary":"X-Origin, Referer, Origin,Accept-Encoding","date":"Sat, 06 Mar 2021 14:08:19 GMT","server":"ESF","cache-control":"private","x-xss-protection":"0","x-frame-options":"SAMEORIGIN","x-content-type-options":"nosniff","alt-svc":"h3-29=\":443\"; ma=2592000,h3-T051=\":443\"; ma=2592000,h3-Q050=\":443\"; ma=2592000,h3-Q046=\":443\"; ma=2592000,h3-Q043=\":443\"; ma=2592000,quic=\":443\"; ma=2592000; v=\"46,43\"","accept-ranges":"none","transfer-encoding":"chunked"}
[debug] [2021-03-06T14:08:19.847Z] >>> HTTP REQUEST POST https://cloudfunctions.googleapis.com/v1/projects/eree-woodcraft/locations/us-central1/functions:generateUploadUrl  
 
[debug] [2021-03-06T14:08:20.733Z] <<< HTTP RESPONSE 200 {"content-type":"application/json; charset=UTF-8","vary":"X-Origin, Referer, Origin,Accept-Encoding","date":"Sat, 06 Mar 2021 14:08:20 GMT","server":"ESF","cache-control":"private","x-xss-protection":"0","x-frame-options":"SAMEORIGIN","x-content-type-options":"nosniff","alt-svc":"h3-29=\":443\"; ma=2592000,h3-T051=\":443\"; ma=2592000,h3-Q050=\":443\"; ma=2592000,h3-Q046=\":443\"; ma=2592000,h3-Q043=\":443\"; ma=2592000,quic=\":443\"; ma=2592000; v=\"46,43\"","accept-ranges":"none","transfer-encoding":"chunked"}
[debug] [2021-03-06T14:08:20.736Z] >>> HTTP REQUEST PUT https://storage.googleapis.com/gcf-upload-us-central1-a19226b1-8b8e-46c8-a67e-5cc1b746d933/f0d0b31e-a1e6-4eca-8647-befd4e6d9803.zip?GoogleAccessId=service-866785071038@gcf-admin-robot.iam.gserviceaccount.com&Expires=1615041500&Signature=SjwehmRMOUX6ftp3AhzMJQHgP8AeRIreU0uIM3YUmV0KL8DCttIMP8X41KhE6x34sb6U%2BVeJm%2Fks%2FzTxgA3RxXfDbkVYHse8LBuP91Uo%2BHZQGnGyPMfEf0XN94qPNDI%2Fe9C%2BEny3VNsLcIIkoQaPX82wuj2lVHg7098l8q7EIFH7tGcuMS%2FDPshZ99UWnJDPnhO%2B6%2FwFgQG02ScWUDvNeeW%2FKMXMC%2FgDzhS41QYiWA6fvUSmLhoE8kUPsOuXSkYPFXz5LhcqIKUHLKsW0tgGqSDXpQT%2FS5%2F8pd%2BzEraykJWfe5%2Fw7uYGOXgCuB47OE4zJEecqE3nKJe3nUoYeTJDCg%3D%3D  
 <request body omitted>
[debug] [2021-03-06T14:08:21.302Z] <<< HTTP RESPONSE 200 {"x-guploader-uploadid":"ABg5-Uw2AmsT7NA-ori4mTHEzgUGeFe7h3om2HzJqq6ATcwD_k5qELnlC5sp03XL_EWKXbyIu90TFsyA4LxDC9Ldblc","etag":"\"5ca5a15a9e34499d0623fa3e610aefb9\"","x-goog-generation":"1615039701202499","x-goog-metageneration":"1","x-goog-hash":"crc32c=y7tmsA==, md5=XKWhWp40SZ0GI/o+YQrvuQ==","x-goog-stored-content-length":"38722","x-goog-stored-content-encoding":"identity","vary":"Origin","content-length":"0","date":"Sat, 06 Mar 2021 14:08:21 GMT","server":"UploadServer","content-type":"text/html; charset=UTF-8","alt-svc":"h3-29=\":443\"; ma=2592000,h3-T051=\":443\"; ma=2592000,h3-Q050=\":443\"; ma=2592000,h3-Q046=\":443\"; ma=2592000,h3-Q043=\":443\"; ma=2592000,quic=\":443\"; ma=2592000; v=\"46,43\""}
[info] ✔  functions: functions folder uploaded successfully 
[info] i  hosting[eree-woodcraft]: beginning deploy... 
[info] i  hosting[eree-woodcraft]: found 24 files in build 
[debug] [2021-03-06T14:08:21.797Z] > refreshing access token with scopes: []
[debug] [2021-03-06T14:08:21.797Z] >>> HTTP REQUEST POST https://www.googleapis.com/oauth2/v3/token  
 <request body omitted>
[debug] [2021-03-06T14:08:21.800Z] [hosting] hash cache [YnVpbGQ] stored for 24 files
[debug] [2021-03-06T14:08:21.800Z] [hosting][hash queue][FINAL] {"max":479,"min":10,"avg":37,"active":0,"complete":24,"success":24,"errored":0,"retried":0,"total":24,"elapsed":485}
[debug] [2021-03-06T14:08:21.941Z] <<< HTTP RESPONSE 200 {"date":"Sat, 06 Mar 2021 14:08:22 GMT","cache-control":"no-cache, no-store, max-age=0, must-revalidate","expires":"Mon, 01 Jan 1990 00:00:00 GMT","pragma":"no-cache","content-type":"application/json; charset=utf-8","vary":"X-Origin, Referer, Origin,Accept-Encoding","server":"scaffolding on HTTPServer2","x-xss-protection":"0","x-frame-options":"SAMEORIGIN","x-content-type-options":"nosniff","alt-svc":"h3-29=\":443\"; ma=2592000,h3-T051=\":443\"; ma=2592000,h3-Q050=\":443\"; ma=2592000,h3-Q046=\":443\"; ma=2592000,h3-Q043=\":443\"; ma=2592000,quic=\":443\"; ma=2592000; v=\"46,43\"","accept-ranges":"none","transfer-encoding":"chunked"}
[debug] [2021-03-06T14:08:21.974Z] >>> [apiv2][query] POST https://firebasehosting.googleapis.com/v1beta1/sites/eree-woodcraft/versions/717492d9a2dcd4b2:populateFiles [none]
[debug] [2021-03-06T14:08:21.974Z] >>> [apiv2][body] POST https://firebasehosting.googleapis.com/v1beta1/sites/eree-woodcraft/versions/717492d9a2dcd4b2:populateFiles {"files":{"/asset-manifest.json":"f0c24f4439653fd23008556c039c17da7d5af5823c90395f8a5c62bd22944263","/manifest.json":"4d1b2d66aea3580185f202a0e8682eaad1a7dd97b566ee63997099dfb6a0d88a","/index.html":"fec52a931606f8e9c80b2cd9bc3a0892c79b46412fd6b686c004a6d0cdcf6121","/robots.txt":"391d14b3c2f8c9143a27a28c7399585142228d4d1bdbe2c87ac946de411fa9a2","/precache-manifest.e9884bc6d5a7ea43264bf88a1972d6d6.js":"83bc3c8fcd45370283aa0bc54c0f7ec2cd1008bfd695cdc8c36258a3c5e33e24","/service-worker.js":"67e199bec3520ee2fe5cfe45782a694f0a93a8f12044567a86177984d3317505","/static/css/2.fb346933.chunk.css":"f52cd972395a90bfbac54718ec893a17c9d3890678437cf9c97f3efb042db2b8","/static/css/2.fb346933.chunk.css.map":"a76ab25abe0b72a4f11ad832606a7086aee7e0338b64c22b64e9417d53ea020c","/logo192.png":"423137ceeb40c0f4ac320f55f6a6b71b2eb96f74ca7d526485c53611cbf85bf1","/static/js/2.ac311547.chunk.js.LICENSE.txt":"d5702f3672090324c7ff7a9a048c916c821c42867d9348c4ecba807204cd9cce","/favicon.ico":"e92d978349f0c3bcbb327a252e6b6b46d7091aa35443902d4f00a1a83636c525","/static/css/main.1c72473b.chunk.css":"8eb5a73bf00b0d8c9705e8fb85211e3d0b9da4bdc2921e74bbe4422ecbd62fae","/static/js/runtime-main.abc8e573.js":"d4c9ac7259b93974070cf3d0cd75e5f89d005a514c235d69d5175c4c9907bc09","/static/css/main.1c72473b.chunk.css.map":"aec835ebd1536059cde6054fa5821c823807eb537512bd3e250641f0b45dbd92","/static/js/runtime-main.abc8e573.js.map":"5c07dec446f511a6c27dd431e577cffc1c925682399706887d44662f9fd65761","/static/media/mastercard.5450f163.svg":"78c3f49727a381e3eecbe69f430cab5bb9a37c20c4f910d30961c7576044c0fc","/static/media/stripe.be10f604.svg":"cc78feb66d3f060168e4d02c635f717d0e7d748e9f9c95a480ed198fdcd9676b","/static/media/visa.45224b37.png":"f8a0493f88c911aa8d01e9e995e73a4820e8020dfe786d414e6786e0d1981c72","/static/js/main.362c2f4b.chunk.js":"78d7d95ee898c4b6efac074d04534f5b9d4835237316c7dc5c416b930bbdff06","/static/media/wallpaper.4aaca6d6.jpg":"e064f9014f69f45b8314a5e37a96316a99a5ca8a9ce86f4073505b306c89d4c6","/static/js/main.362c2f4b.chunk.js.map":"f2c6982a29c16b1dab11ef42b9c2a0a357f516bf3989cf950efc3ea154c2dc30","/static/js/2.ac311547.chunk.js":"a291ad4396a706959d6982fc7d1259867d8880afc8bef6c934b148d5b747d99b","/static/media/subheader.26dfe4fa.png":"55241a720e2e1d13bf8460a1b29dcb1249b4d5d2d6aca5b65bcf57a42edc9c33","/static/js/2.ac311547.chunk.js.map":"aca55dfff57103161016a8988dd363d5a3fbc7f93f715c061686795479c77840"}}
[debug] [2021-03-06T14:08:23.188Z] <<< [apiv2][status] POST https://firebasehosting.googleapis.com/v1beta1/sites/eree-woodcraft/versions/717492d9a2dcd4b2:populateFiles 200
[debug] [2021-03-06T14:08:23.189Z] <<< [apiv2][body] POST https://firebasehosting.googleapis.com/v1beta1/sites/eree-woodcraft/versions/717492d9a2dcd4b2:populateFiles {"uploadRequiredHashes":["aec835ebd1536059cde6054fa5821c823807eb537512bd3e250641f0b45dbd92","f0c24f4439653fd23008556c039c17da7d5af5823c90395f8a5c62bd22944263","83bc3c8fcd45370283aa0bc54c0f7ec2cd1008bfd695cdc8c36258a3c5e33e24","8eb5a73bf00b0d8c9705e8fb85211e3d0b9da4bdc2921e74bbe4422ecbd62fae","78d7d95ee898c4b6efac074d04534f5b9d4835237316c7dc5c416b930bbdff06","fec52a931606f8e9c80b2cd9bc3a0892c79b46412fd6b686c004a6d0cdcf6121","f2c6982a29c16b1dab11ef42b9c2a0a357f516bf3989cf950efc3ea154c2dc30","aca55dfff57103161016a8988dd363d5a3fbc7f93f715c061686795479c77840","67e199bec3520ee2fe5cfe45782a694f0a93a8f12044567a86177984d3317505","a291ad4396a706959d6982fc7d1259867d8880afc8bef6c934b148d5b747d99b"],"uploadUrl":"https://upload-firebasehosting.googleapis.com/upload/sites/eree-woodcraft/versions/717492d9a2dcd4b2/files"}
[debug] [2021-03-06T14:08:23.191Z] >>> [apiv2][query] POST https://upload-firebasehosting.googleapis.com/upload/sites/eree-woodcraft/versions/717492d9a2dcd4b2/files/aec835ebd1536059cde6054fa5821c823807eb537512bd3e250641f0b45dbd92 [none]
[debug] [2021-03-06T14:08:23.191Z] >>> [apiv2][body] POST https://upload-firebasehosting.googleapis.com/upload/sites/eree-woodcraft/versions/717492d9a2dcd4b2/files/aec835ebd1536059cde6054fa5821c823807eb537512bd3e250641f0b45dbd92 [stream]
[debug] [2021-03-06T14:08:23.192Z] >>> [apiv2][query] POST https://upload-firebasehosting.googleapis.com/upload/sites/eree-woodcraft/versions/717492d9a2dcd4b2/files/f0c24f4439653fd23008556c039c17da7d5af5823c90395f8a5c62bd22944263 [none]
[debug] [2021-03-06T14:08:23.193Z] >>> [apiv2][body] POST https://upload-firebasehosting.googleapis.com/upload/sites/eree-woodcraft/versions/717492d9a2dcd4b2/files/f0c24f4439653fd23008556c039c17da7d5af5823c90395f8a5c62bd22944263 [stream]
[debug] [2021-03-06T14:08:23.193Z] >>> [apiv2][query] POST https://upload-firebasehosting.googleapis.com/upload/sites/eree-woodcraft/versions/717492d9a2dcd4b2/files/83bc3c8fcd45370283aa0bc54c0f7ec2cd1008bfd695cdc8c36258a3c5e33e24 [none]
[debug] [2021-03-06T14:08:23.193Z] >>> [apiv2][body] POST https://upload-firebasehosting.googleapis.com/upload/sites/eree-woodcraft/versions/717492d9a2dcd4b2/files/83bc3c8fcd45370283aa0bc54c0f7ec2cd1008bfd695cdc8c36258a3c5e33e24 [stream]
[debug] [2021-03-06T14:08:23.194Z] >>> [apiv2][query] POST https://upload-firebasehosting.googleapis.com/upload/sites/eree-woodcraft/versions/717492d9a2dcd4b2/files/8eb5a73bf00b0d8c9705e8fb85211e3d0b9da4bdc2921e74bbe4422ecbd62fae [none]
[debug] [2021-03-06T14:08:23.194Z] >>> [apiv2][body] POST https://upload-firebasehosting.googleapis.com/upload/sites/eree-woodcraft/versions/717492d9a2dcd4b2/files/8eb5a73bf00b0d8c9705e8fb85211e3d0b9da4bdc2921e74bbe4422ecbd62fae [stream]
[debug] [2021-03-06T14:08:23.195Z] >>> [apiv2][query] POST https://upload-firebasehosting.googleapis.com/upload/sites/eree-woodcraft/versions/717492d9a2dcd4b2/files/78d7d95ee898c4b6efac074d04534f5b9d4835237316c7dc5c416b930bbdff06 [none]
[debug] [2021-03-06T14:08:23.195Z] >>> [apiv2][body] POST https://upload-firebasehosting.googleapis.com/upload/sites/eree-woodcraft/versions/717492d9a2dcd4b2/files/78d7d95ee898c4b6efac074d04534f5b9d4835237316c7dc5c416b930bbdff06 [stream]
[debug] [2021-03-06T14:08:23.196Z] >>> [apiv2][query] POST https://upload-firebasehosting.googleapis.com/upload/sites/eree-woodcraft/versions/717492d9a2dcd4b2/files/fec52a931606f8e9c80b2cd9bc3a0892c79b46412fd6b686c004a6d0cdcf6121 [none]
[debug] [2021-03-06T14:08:23.196Z] >>> [apiv2][body] POST https://upload-firebasehosting.googleapis.com/upload/sites/eree-woodcraft/versions/717492d9a2dcd4b2/files/fec52a931606f8e9c80b2cd9bc3a0892c79b46412fd6b686c004a6d0cdcf6121 [stream]
[debug] [2021-03-06T14:08:23.196Z] >>> [apiv2][query] POST https://upload-firebasehosting.googleapis.com/upload/sites/eree-woodcraft/versions/717492d9a2dcd4b2/files/f2c6982a29c16b1dab11ef42b9c2a0a357f516bf3989cf950efc3ea154c2dc30 [none]
[debug] [2021-03-06T14:08:23.197Z] >>> [apiv2][body] POST https://upload-firebasehosting.googleapis.com/upload/sites/eree-woodcraft/versions/717492d9a2dcd4b2/files/f2c6982a29c16b1dab11ef42b9c2a0a357f516bf3989cf950efc3ea154c2dc30 [stream]
[debug] [2021-03-06T14:08:23.197Z] >>> [apiv2][query] POST https://upload-firebasehosting.googleapis.com/upload/sites/eree-woodcraft/versions/717492d9a2dcd4b2/files/aca55dfff57103161016a8988dd363d5a3fbc7f93f715c061686795479c77840 [none]
[debug] [2021-03-06T14:08:23.197Z] >>> [apiv2][body] POST https://upload-firebasehosting.googleapis.com/upload/sites/eree-woodcraft/versions/717492d9a2dcd4b2/files/aca55dfff57103161016a8988dd363d5a3fbc7f93f715c061686795479c77840 [stream]
[debug] [2021-03-06T14:08:23.198Z] >>> [apiv2][query] POST https://upload-firebasehosting.googleapis.com/upload/sites/eree-woodcraft/versions/717492d9a2dcd4b2/files/67e199bec3520ee2fe5cfe45782a694f0a93a8f12044567a86177984d3317505 [none]
[debug] [2021-03-06T14:08:23.198Z] >>> [apiv2][body] POST https://upload-firebasehosting.googleapis.com/upload/sites/eree-woodcraft/versions/717492d9a2dcd4b2/files/67e199bec3520ee2fe5cfe45782a694f0a93a8f12044567a86177984d3317505 [stream]
[debug] [2021-03-06T14:08:23.198Z] >>> [apiv2][query] POST https://upload-firebasehosting.googleapis.com/upload/sites/eree-woodcraft/versions/717492d9a2dcd4b2/files/a291ad4396a706959d6982fc7d1259867d8880afc8bef6c934b148d5b747d99b [none]
[debug] [2021-03-06T14:08:23.198Z] >>> [apiv2][body] POST https://upload-firebasehosting.googleapis.com/upload/sites/eree-woodcraft/versions/717492d9a2dcd4b2/files/a291ad4396a706959d6982fc7d1259867d8880afc8bef6c934b148d5b747d99b [stream]
[debug] [2021-03-06T14:08:23.199Z] [hosting][populate queue][FINAL] {"max":1394,"min":1394,"avg":1394,"active":0,"complete":1,"success":1,"errored":0,"retried":0,"total":1,"elapsed":1402}
[debug] [2021-03-06T14:08:23.199Z] [hosting] uploads queued: 10
[debug] [2021-03-06T14:08:25.501Z] <<< [apiv2][status] POST https://upload-firebasehosting.googleapis.com/upload/sites/eree-woodcraft/versions/717492d9a2dcd4b2/files/aec835ebd1536059cde6054fa5821c823807eb537512bd3e250641f0b45dbd92 200
[debug] [2021-03-06T14:08:25.501Z] <<< [apiv2][body] POST https://upload-firebasehosting.googleapis.com/upload/sites/eree-woodcraft/versions/717492d9a2dcd4b2/files/aec835ebd1536059cde6054fa5821c823807eb537512bd3e250641f0b45dbd92 [stream]
[debug] [2021-03-06T14:08:25.502Z] <<< [apiv2][status] POST https://upload-firebasehosting.googleapis.com/upload/sites/eree-woodcraft/versions/717492d9a2dcd4b2/files/67e199bec3520ee2fe5cfe45782a694f0a93a8f12044567a86177984d3317505 200
[debug] [2021-03-06T14:08:25.502Z] <<< [apiv2][body] POST https://upload-firebasehosting.googleapis.com/upload/sites/eree-woodcraft/versions/717492d9a2dcd4b2/files/67e199bec3520ee2fe5cfe45782a694f0a93a8f12044567a86177984d3317505 [stream]
[debug] [2021-03-06T14:08:25.503Z] <<< [apiv2][status] POST https://upload-firebasehosting.googleapis.com/upload/sites/eree-woodcraft/versions/717492d9a2dcd4b2/files/78d7d95ee898c4b6efac074d04534f5b9d4835237316c7dc5c416b930bbdff06 200
[debug] [2021-03-06T14:08:25.503Z] <<< [apiv2][body] POST https://upload-firebasehosting.googleapis.com/upload/sites/eree-woodcraft/versions/717492d9a2dcd4b2/files/78d7d95ee898c4b6efac074d04534f5b9d4835237316c7dc5c416b930bbdff06 [stream]
[debug] [2021-03-06T14:08:25.504Z] <<< [apiv2][status] POST https://upload-firebasehosting.googleapis.com/upload/sites/eree-woodcraft/versions/717492d9a2dcd4b2/files/8eb5a73bf00b0d8c9705e8fb85211e3d0b9da4bdc2921e74bbe4422ecbd62fae 200
[debug] [2021-03-06T14:08:25.504Z] <<< [apiv2][body] POST https://upload-firebasehosting.googleapis.com/upload/sites/eree-woodcraft/versions/717492d9a2dcd4b2/files/8eb5a73bf00b0d8c9705e8fb85211e3d0b9da4bdc2921e74bbe4422ecbd62fae [stream]
[debug] [2021-03-06T14:08:25.521Z] <<< [apiv2][status] POST https://upload-firebasehosting.googleapis.com/upload/sites/eree-woodcraft/versions/717492d9a2dcd4b2/files/aca55dfff57103161016a8988dd363d5a3fbc7f93f715c061686795479c77840 200
[debug] [2021-03-06T14:08:25.521Z] <<< [apiv2][body] POST https://upload-firebasehosting.googleapis.com/upload/sites/eree-woodcraft/versions/717492d9a2dcd4b2/files/aca55dfff57103161016a8988dd363d5a3fbc7f93f715c061686795479c77840 [stream]
[debug] [2021-03-06T14:08:25.545Z] <<< [apiv2][status] POST https://upload-firebasehosting.googleapis.com/upload/sites/eree-woodcraft/versions/717492d9a2dcd4b2/files/f0c24f4439653fd23008556c039c17da7d5af5823c90395f8a5c62bd22944263 200
[debug] [2021-03-06T14:08:25.545Z] <<< [apiv2][body] POST https://upload-firebasehosting.googleapis.com/upload/sites/eree-woodcraft/versions/717492d9a2dcd4b2/files/f0c24f4439653fd23008556c039c17da7d5af5823c90395f8a5c62bd22944263 [stream]
[debug] [2021-03-06T14:08:25.546Z] <<< [apiv2][status] POST https://upload-firebasehosting.googleapis.com/upload/sites/eree-woodcraft/versions/717492d9a2dcd4b2/files/83bc3c8fcd45370283aa0bc54c0f7ec2cd1008bfd695cdc8c36258a3c5e33e24 200
[debug] [2021-03-06T14:08:25.546Z] <<< [apiv2][body] POST https://upload-firebasehosting.googleapis.com/upload/sites/eree-woodcraft/versions/717492d9a2dcd4b2/files/83bc3c8fcd45370283aa0bc54c0f7ec2cd1008bfd695cdc8c36258a3c5e33e24 [stream]
[debug] [2021-03-06T14:08:25.592Z] <<< [apiv2][status] POST https://upload-firebasehosting.googleapis.com/upload/sites/eree-woodcraft/versions/717492d9a2dcd4b2/files/fec52a931606f8e9c80b2cd9bc3a0892c79b46412fd6b686c004a6d0cdcf6121 200
[debug] [2021-03-06T14:08:25.592Z] <<< [apiv2][body] POST https://upload-firebasehosting.googleapis.com/upload/sites/eree-woodcraft/versions/717492d9a2dcd4b2/files/fec52a931606f8e9c80b2cd9bc3a0892c79b46412fd6b686c004a6d0cdcf6121 [stream]
[debug] [2021-03-06T14:08:25.679Z] <<< [apiv2][status] POST https://upload-firebasehosting.googleapis.com/upload/sites/eree-woodcraft/versions/717492d9a2dcd4b2/files/f2c6982a29c16b1dab11ef42b9c2a0a357f516bf3989cf950efc3ea154c2dc30 200
[debug] [2021-03-06T14:08:25.679Z] <<< [apiv2][body] POST https://upload-firebasehosting.googleapis.com/upload/sites/eree-woodcraft/versions/717492d9a2dcd4b2/files/f2c6982a29c16b1dab11ef42b9c2a0a357f516bf3989cf950efc3ea154c2dc30 [stream]
[debug] [2021-03-06T14:08:25.887Z] <<< [apiv2][status] POST https://upload-firebasehosting.googleapis.com/upload/sites/eree-woodcraft/versions/717492d9a2dcd4b2/files/a291ad4396a706959d6982fc7d1259867d8880afc8bef6c934b148d5b747d99b 200
[debug] [2021-03-06T14:08:25.887Z] <<< [apiv2][body] POST https://upload-firebasehosting.googleapis.com/upload/sites/eree-woodcraft/versions/717492d9a2dcd4b2/files/a291ad4396a706959d6982fc7d1259867d8880afc8bef6c934b148d5b747d99b [stream]
[debug] [2021-03-06T14:08:25.887Z] [hosting][upload queue][FINAL] {"max":2696,"min":2311,"avg":2387.9,"active":0,"complete":10,"success":10,"errored":0,"retried":0,"total":10,"elapsed":2698}
[info] ✔  hosting[eree-woodcraft]: file upload complete 
[debug] [2021-03-06T14:08:25.888Z] [hosting] deploy completed after 4585ms
[info] i  functions: updating Node.js 12 function api(us-central1)... 
[debug] [2021-03-06T14:08:26.022Z] Trigger is:  {"httpsTrigger":{}}
[info] 
The following functions are found in your project but do not exist in your local source code:
	sendEmail(us-central1)

If you are renaming a function or changing its region, it is recommended that you create the new function first before deleting the old one to prevent event loss. For more info, visit https://firebase.google.com/docs/functions/manage-functions#modify

[info] i  functions: continuing with other deployments. 
[debug] [2021-03-06T14:08:39.499Z] > refreshing access token with scopes: ["email","https://www.googleapis.com/auth/cloud-platform","https://www.googleapis.com/auth/cloudplatformprojects.readonly","https://www.googleapis.com/auth/firebase","openid"]
[debug] [2021-03-06T14:08:39.499Z] >>> HTTP REQUEST POST https://www.googleapis.com/oauth2/v3/token  
 <request body omitted>
[debug] [2021-03-06T14:08:39.627Z] <<< HTTP RESPONSE 200 {"pragma":"no-cache","date":"Sat, 06 Mar 2021 14:08:39 GMT","cache-control":"no-cache, no-store, max-age=0, must-revalidate","expires":"Mon, 01 Jan 1990 00:00:00 GMT","content-type":"application/json; charset=utf-8","vary":"X-Origin, Referer, Origin,Accept-Encoding","server":"scaffolding on HTTPServer2","x-xss-protection":"0","x-frame-options":"SAMEORIGIN","x-content-type-options":"nosniff","alt-svc":"h3-29=\":443\"; ma=2592000,h3-T051=\":443\"; ma=2592000,h3-Q050=\":443\"; ma=2592000,h3-Q046=\":443\"; ma=2592000,h3-Q043=\":443\"; ma=2592000,quic=\":443\"; ma=2592000; v=\"46,43\"","accept-ranges":"none","transfer-encoding":"chunked"}
[debug] [2021-03-06T14:08:39.658Z] >>> HTTP REQUEST PATCH https://cloudfunctions.googleapis.com/v1/projects/eree-woodcraft/locations/us-central1/functions/api {"updateMask":"sourceUploadUrl,name,labels,runtime,environmentVariables,httpsTrigger"} 
 {"sourceUploadUrl":"https://storage.googleapis.com/gcf-upload-us-central1-a19226b1-8b8e-46c8-a67e-5cc1b746d933/f0d0b31e-a1e6-4eca-8647-befd4e6d9803.zip?GoogleAccessId=service-866785071038@gcf-admin-robot.iam.gserviceaccount.com&Expires=1615041500&Signature=SjwehmRMOUX6ftp3AhzMJQHgP8AeRIreU0uIM3YUmV0KL8DCttIMP8X41KhE6x34sb6U%2BVeJm%2Fks%2FzTxgA3RxXfDbkVYHse8LBuP91Uo%2BHZQGnGyPMfEf0XN94qPNDI%2Fe9C%2BEny3VNsLcIIkoQaPX82wuj2lVHg7098l8q7EIFH7tGcuMS%2FDPshZ99UWnJDPnhO%2B6%2FwFgQG02ScWUDvNeeW%2FKMXMC%2FgDzhS41QYiWA6fvUSmLhoE8kUPsOuXSkYPFXz5LhcqIKUHLKsW0tgGqSDXpQT%2FS5%2F8pd%2BzEraykJWfe5%2Fw7uYGOXgCuB47OE4zJEecqE3nKJe3nUoYeTJDCg%3D%3D","name":"projects/eree-woodcraft/locations/us-central1/functions/api","labels":{"deployment-tool":"cli-firebase"},"httpsTrigger":{},"runtime":"nodejs12","environmentVariables":{"FIREBASE_CONFIG":"{\"projectId\":\"eree-woodcraft\",\"storageBucket\":\"eree-woodcraft.appspot.com\",\"locationId\":\"europe-west\"}"}}
[debug] [2021-03-06T14:08:40.745Z] <<< HTTP RESPONSE 200 {"content-type":"application/json; charset=UTF-8","vary":"X-Origin, Referer, Origin,Accept-Encoding","date":"Sat, 06 Mar 2021 14:08:40 GMT","server":"ESF","cache-control":"private","x-xss-protection":"0","x-frame-options":"SAMEORIGIN","x-content-type-options":"nosniff","alt-svc":"h3-29=\":443\"; ma=2592000,h3-T051=\":443\"; ma=2592000,h3-Q050=\":443\"; ma=2592000,h3-Q046=\":443\"; ma=2592000,h3-Q043=\":443\"; ma=2592000,quic=\":443\"; ma=2592000; v=\"46,43\"","accept-ranges":"none","transfer-encoding":"chunked"}
[debug] [2021-03-06T14:08:40.747Z] >>> HTTP REQUEST GET https://cloudfunctions.googleapis.com/v1/projects/eree-woodcraft/locations/-/functions  
 
[debug] [2021-03-06T14:08:41.372Z] <<< HTTP RESPONSE 200 {"content-type":"application/json; charset=UTF-8","vary":"X-Origin, Referer, Origin,Accept-Encoding","date":"Sat, 06 Mar 2021 14:08:41 GMT","server":"ESF","cache-control":"private","x-xss-protection":"0","x-frame-options":"SAMEORIGIN","x-content-type-options":"nosniff","alt-svc":"h3-29=\":443\"; ma=2592000,h3-T051=\":443\"; ma=2592000,h3-Q050=\":443\"; ma=2592000,h3-Q046=\":443\"; ma=2592000,h3-Q043=\":443\"; ma=2592000,quic=\":443\"; ma=2592000; v=\"46,43\"","accept-ranges":"none","transfer-encoding":"chunked"}
[debug] [2021-03-06T14:08:41.373Z] >>> HTTP REQUEST GET https://cloudfunctions.googleapis.com/v1/operations/ZXJlZS13b29kY3JhZnQvdXMtY2VudHJhbDEvYXBpL1JXaG0tOV9TOTJj  
 
[debug] [2021-03-06T14:08:41.782Z] <<< HTTP RESPONSE 200 {"content-type":"application/json; charset=UTF-8","vary":"X-Origin, Referer, Origin,Accept-Encoding","date":"Sat, 06 Mar 2021 14:08:41 GMT","server":"ESF","cache-control":"private","x-xss-protection":"0","x-frame-options":"SAMEORIGIN","x-content-type-options":"nosniff","alt-svc":"h3-29=\":443\"; ma=2592000,h3-T051=\":443\"; ma=2592000,h3-Q050=\":443\"; ma=2592000,h3-Q046=\":443\"; ma=2592000,h3-Q043=\":443\"; ma=2592000,quic=\":443\"; ma=2592000; v=\"46,43\"","accept-ranges":"none","transfer-encoding":"chunked"}
[debug] [2021-03-06T14:08:43.786Z] >>> HTTP REQUEST GET https://cloudfunctions.googleapis.com/v1/operations/ZXJlZS13b29kY3JhZnQvdXMtY2VudHJhbDEvYXBpL1JXaG0tOV9TOTJj  
 
[debug] [2021-03-06T14:08:44.342Z] <<< HTTP RESPONSE 200 {"content-type":"application/json; charset=UTF-8","vary":"X-Origin, Referer, Origin,Accept-Encoding","date":"Sat, 06 Mar 2021 14:08:44 GMT","server":"ESF","cache-control":"private","x-xss-protection":"0","x-frame-options":"SAMEORIGIN","x-content-type-options":"nosniff","alt-svc":"h3-29=\":443\"; ma=2592000,h3-T051=\":443\"; ma=2592000,h3-Q050=\":443\"; ma=2592000,h3-Q046=\":443\"; ma=2592000,h3-Q043=\":443\"; ma=2592000,quic=\":443\"; ma=2592000; v=\"46,43\"","accept-ranges":"none","transfer-encoding":"chunked"}
[debug] [2021-03-06T14:08:46.347Z] >>> HTTP REQUEST GET https://cloudfunctions.googleapis.com/v1/operations/ZXJlZS13b29kY3JhZnQvdXMtY2VudHJhbDEvYXBpL1JXaG0tOV9TOTJj  
 
[debug] [2021-03-06T14:08:46.902Z] <<< HTTP RESPONSE 200 {"content-type":"application/json; charset=UTF-8","vary":"X-Origin, Referer, Origin,Accept-Encoding","date":"Sat, 06 Mar 2021 14:08:46 GMT","server":"ESF","cache-control":"private","x-xss-protection":"0","x-frame-options":"SAMEORIGIN","x-content-type-options":"nosniff","alt-svc":"h3-29=\":443\"; ma=2592000,h3-T051=\":443\"; ma=2592000,h3-Q050=\":443\"; ma=2592000,h3-Q046=\":443\"; ma=2592000,h3-Q043=\":443\"; ma=2592000,quic=\":443\"; ma=2592000; v=\"46,43\"","accept-ranges":"none","transfer-encoding":"chunked"}
[debug] [2021-03-06T14:08:48.908Z] >>> HTTP REQUEST GET https://cloudfunctions.googleapis.com/v1/operations/ZXJlZS13b29kY3JhZnQvdXMtY2VudHJhbDEvYXBpL1JXaG0tOV9TOTJj  
 
[debug] [2021-03-06T14:08:49.240Z] <<< HTTP RESPONSE 200 {"content-type":"application/json; charset=UTF-8","vary":"X-Origin, Referer, Origin,Accept-Encoding","date":"Sat, 06 Mar 2021 14:08:49 GMT","server":"ESF","cache-control":"private","x-xss-protection":"0","x-frame-options":"SAMEORIGIN","x-content-type-options":"nosniff","alt-svc":"h3-29=\":443\"; ma=2592000,h3-T051=\":443\"; ma=2592000,h3-Q050=\":443\"; ma=2592000,h3-Q046=\":443\"; ma=2592000,h3-Q043=\":443\"; ma=2592000,quic=\":443\"; ma=2592000; v=\"46,43\"","accept-ranges":"none","transfer-encoding":"chunked"}
[debug] [2021-03-06T14:08:51.241Z] >>> HTTP REQUEST GET https://cloudfunctions.googleapis.com/v1/operations/ZXJlZS13b29kY3JhZnQvdXMtY2VudHJhbDEvYXBpL1JXaG0tOV9TOTJj  
 
[debug] [2021-03-06T14:08:51.815Z] <<< HTTP RESPONSE 200 {"content-type":"application/json; charset=UTF-8","vary":"X-Origin, Referer, Origin,Accept-Encoding","date":"Sat, 06 Mar 2021 14:08:51 GMT","server":"ESF","cache-control":"private","x-xss-protection":"0","x-frame-options":"SAMEORIGIN","x-content-type-options":"nosniff","alt-svc":"h3-29=\":443\"; ma=2592000,h3-T051=\":443\"; ma=2592000,h3-Q050=\":443\"; ma=2592000,h3-Q046=\":443\"; ma=2592000,h3-Q043=\":443\"; ma=2592000,quic=\":443\"; ma=2592000; v=\"46,43\"","accept-ranges":"none","transfer-encoding":"chunked"}
[debug] [2021-03-06T14:08:53.818Z] >>> HTTP REQUEST GET https://cloudfunctions.googleapis.com/v1/operations/ZXJlZS13b29kY3JhZnQvdXMtY2VudHJhbDEvYXBpL1JXaG0tOV9TOTJj  
 
[debug] [2021-03-06T14:08:54.378Z] <<< HTTP RESPONSE 200 {"content-type":"application/json; charset=UTF-8","vary":"X-Origin, Referer, Origin,Accept-Encoding","date":"Sat, 06 Mar 2021 14:08:54 GMT","server":"ESF","cache-control":"private","x-xss-protection":"0","x-frame-options":"SAMEORIGIN","x-content-type-options":"nosniff","alt-svc":"h3-29=\":443\"; ma=2592000,h3-T051=\":443\"; ma=2592000,h3-Q050=\":443\"; ma=2592000,h3-Q046=\":443\"; ma=2592000,h3-Q043=\":443\"; ma=2592000,quic=\":443\"; ma=2592000; v=\"46,43\"","accept-ranges":"none","transfer-encoding":"chunked"}
[debug] [2021-03-06T14:08:56.381Z] >>> HTTP REQUEST GET https://cloudfunctions.googleapis.com/v1/operations/ZXJlZS13b29kY3JhZnQvdXMtY2VudHJhbDEvYXBpL1JXaG0tOV9TOTJj  
 
[debug] [2021-03-06T14:08:56.939Z] <<< HTTP RESPONSE 200 {"content-type":"application/json; charset=UTF-8","vary":"X-Origin, Referer, Origin,Accept-Encoding","date":"Sat, 06 Mar 2021 14:08:56 GMT","server":"ESF","cache-control":"private","x-xss-protection":"0","x-frame-options":"SAMEORIGIN","x-content-type-options":"nosniff","alt-svc":"h3-29=\":443\"; ma=2592000,h3-T051=\":443\"; ma=2592000,h3-Q050=\":443\"; ma=2592000,h3-Q046=\":443\"; ma=2592000,h3-Q043=\":443\"; ma=2592000,quic=\":443\"; ma=2592000; v=\"46,43\"","accept-ranges":"none","transfer-encoding":"chunked"}
[debug] [2021-03-06T14:08:58.945Z] >>> HTTP REQUEST GET https://cloudfunctions.googleapis.com/v1/operations/ZXJlZS13b29kY3JhZnQvdXMtY2VudHJhbDEvYXBpL1JXaG0tOV9TOTJj  
 
[debug] [2021-03-06T14:08:59.499Z] <<< HTTP RESPONSE 200 {"content-type":"application/json; charset=UTF-8","vary":"X-Origin, Referer, Origin,Accept-Encoding","date":"Sat, 06 Mar 2021 14:08:59 GMT","server":"ESF","cache-control":"private","x-xss-protection":"0","x-frame-options":"SAMEORIGIN","x-content-type-options":"nosniff","alt-svc":"h3-29=\":443\"; ma=2592000,h3-T051=\":443\"; ma=2592000,h3-Q050=\":443\"; ma=2592000,h3-Q046=\":443\"; ma=2592000,h3-Q043=\":443\"; ma=2592000,quic=\":443\"; ma=2592000; v=\"46,43\"","accept-ranges":"none","transfer-encoding":"chunked"}
[debug] [2021-03-06T14:09:01.505Z] >>> HTTP REQUEST GET https://cloudfunctions.googleapis.com/v1/operations/ZXJlZS13b29kY3JhZnQvdXMtY2VudHJhbDEvYXBpL1JXaG0tOV9TOTJj  
 
